{
  "stats": {
    "suites": 1,
    "tests": 1,
    "passes": 1,
    "pending": 0,
    "failures": 0,
    "start": "2021-07-17T03:07:56.476Z",
    "end": "2021-07-17T03:08:09.985Z",
    "duration": 13509,
    "testsRegistered": 1,
    "passPercent": 100,
    "pendingPercent": 0,
    "other": 0,
    "hasOther": false,
    "skipped": 0,
    "hasSkipped": false
  },
  "results": [
    {
      "uuid": "8afc9962-937e-41c3-a132-60cf4e99eddb",
      "title": "",
      "fullFile": "cypress/integration/login.spec.js",
      "file": "cypress/integration/login.spec.js",
      "beforeHooks": [],
      "afterHooks": [],
      "tests": [],
      "suites": [
        {
          "uuid": "1ac7704e-5a15-4bc8-8878-9c175c81fe3e",
          "title": "User Login",
          "fullFile": "",
          "file": "",
          "beforeHooks": [],
          "afterHooks": [],
          "tests": [
            {
              "title": "Should create an account successfully",
              "fullTitle": "User Login Should create an account successfully",
              "timedOut": null,
              "duration": 13428,
              "state": "passed",
              "speed": "slow",
              "pass": true,
              "fail": false,
              "pending": false,
              "context": null,
              "code": "//Access\ncy.visit('index.php');\ncy.get('a.login').click();\ncy.url().should('contains', '?controller=authentication&back=my-account'); //Authentication\ncy.get('#email_create').type(chance.email());\ncy.get('#SubmitCreate').click(); //Creating a new account\ncy.get('#id_gender1').check();\ncy.get('#customer_firstname').type(chance.first());\ncy.get('#customer_lastname').type(chance.last());\ncy.get('#passwd').type('test1234567890');\ncy.get('#address1').type(chance.address());\ncy.get('#city').type(chance.city());\ncy.get('#id_state').select('New York');\ncy.get('#postcode').type(chance.zip());\ncy.get('#phone_mobile').type(chance.phone({\n  formatted: true\n}));\ncy.get('#alias').clear().type('My Home');\ncy.get('#submitAccount').click(); //Assertion\ncy.get('p.info-account').should('contain', 'Welcome to your account. Here you can manage all of your personal information and orders.');",
              "err": {},
              "uuid": "412ad813-e270-4f79-9427-fc70675ead8e",
              "parentUUID": "1ac7704e-5a15-4bc8-8878-9c175c81fe3e",
              "isHook": false,
              "skipped": false
            }
          ],
          "suites": [],
          "passes": [
            "412ad813-e270-4f79-9427-fc70675ead8e"
          ],
          "failures": [],
          "pending": [],
          "skipped": [],
          "duration": 13428,
          "root": false,
          "rootEmpty": false,
          "_timeout": 2000
        }
      ],
      "passes": [],
      "failures": [],
      "pending": [],
      "skipped": [],
      "duration": 0,
      "root": true,
      "rootEmpty": true,
      "_timeout": 2000
    }
  ],
  "meta": {
    "mocha": {
      "version": "7.0.1"
    },
    "mochawesome": {
      "options": {
        "quiet": true,
        "reportFilename": "mochawesome",
        "saveHtml": false,
        "saveJson": true,
        "consoleReporter": "spec",
        "useInlineDiffs": false,
        "code": true
      },
      "version": "6.2.2"
    },
    "marge": {
      "options": {
        "id": "default",
        "reportDir": "mochawesome-report",
        "quiet": true,
        "overwrite": true,
        "html": false,
        "json": true
      },
      "version": "5.2.0"
    }
  }
}